Build started 11/8/2015 4:05:05 PM.
     1>Project "D:\FreeRdpClient\client\Windows\wfreerdp-client.vcxproj" on node 8 (Rebuild target(s)).
     1>ClCompile:
         C:\Program Files (x86)\Microsoft Visual Studio 12.0\VC\bin\x86_amd64\CL.exe /c /ID:\FreeRdpClient /ID:\FreeRdpClient\include /I"D:\FreeRdpClient\FreeRDP-master\include" /I"D:\FreeRdpClient\FreeRDP-master\winpr\include" /ID:\FreeRdpClient\winpr\include /I"D:\FreeRdpClient\FreeRDP-master\rdtk\include" /ID:\FreeRdpClient\rdtk\include /Zi /nologo /W3 /WX- /Od /Ob2 /D WIN32 /D _WINDOWS /D _AMD64_ /D UNICODE /D _UNICODE /D _CRT_SECURE_NO_WARNINGS /D WIN32_LEAN_AND_MEAN /D WINVER=0x0501 /D WIN32_WINNT=0x0501 /D WINPR_EXPORTS /D FREERDP_EXPORTS /D _DEBUG /D WITH_OPENSSL /D HAVE_CONFIG_H /D "CMAKE_INTDIR=\"Debug\"" /D wfreerdp_client_EXPORTS /D _WINDLL /D _UNICODE /D UNICODE /Gm- /RTC1 /MDd /GS /fp:precise /Zc:wchar_t /Zc:forScope /Fo"wfreerdp-client.dir\Debug\\" /Fd"wfreerdp-client.dir\Debug\vc120.pdb" /Gd /TC /errorReport:prompt "D:\FreeRdpClient\FreeRDP-master\client\Windows\wf_gdi.c" "D:\FreeRdpClient\FreeRDP-master\client\Windows\wf_event.c" "D:\FreeRdpClient\FreeRDP-master\client\Windows\wf_channels.c" "D:\FreeRdpClient\FreeRDP-master\client\Windows\wf_graphics.c" "D:\FreeRdpClient\FreeRDP-master\client\Windows\wf_cliprdr.c" "D:\FreeRdpClient\FreeRDP-master\client\Windows\wf_rail.c" "D:\FreeRdpClient\FreeRDP-master\client\Windows\wf_client.c" "D:\FreeRdpClient\FreeRDP-master\client\Windows\wf_floatbar.c"
         wf_gdi.c
         wf_event.c
         wf_channels.c
         wf_graphics.c
         wf_cliprdr.c
     1>D:\FreeRdpClient\FreeRDP-master\client\Windows\wf_cliprdr.c(1635): warning C4244: '=' : conversion from 'SIZE_T' to 'unsigned int', possible loss of data
     1>D:\FreeRdpClient\FreeRDP-master\client\Windows\wf_cliprdr.c(1670): warning C4244: '=' : conversion from 'SIZE_T' to 'unsigned int', possible loss of data
     1>D:\FreeRdpClient\FreeRDP-master\client\Windows\wf_cliprdr.c(1689): warning C4267: '=' : conversion from 'size_t' to 'int', possible loss of data
     1>D:\FreeRdpClient\FreeRDP-master\client\Windows\wf_cliprdr.c(1692): warning C4267: '=' : conversion from 'size_t' to 'int', possible loss of data
     1>D:\FreeRdpClient\FreeRDP-master\client\Windows\wf_cliprdr.c(1700): warning C4267: '=' : conversion from 'size_t' to 'int', possible loss of data
     1>D:\FreeRdpClient\FreeRDP-master\client\Windows\wf_cliprdr.c(1715): warning C4267: '=' : conversion from 'size_t' to 'int', possible loss of data
         wf_rail.c
         wf_client.c
         wf_floatbar.c
         Generating Code...
       ResourceCompile:
         C:\Program Files (x86)\Windows Kits\8.1\bin\x86\rc.exe /D WIN32 /D _WINDOWS /D _AMD64_ /D UNICODE /D _UNICODE /D _CRT_SECURE_NO_WARNINGS /D WIN32_LEAN_AND_MEAN /D WINVER=0x0501 /D WIN32_WINNT=0x0501 /D WINPR_EXPORTS /D FREERDP_EXPORTS /D _DEBUG /D WITH_OPENSSL /D HAVE_CONFIG_H /D "CMAKE_INTDIR=\\\"Debug\\\"" /D wfreerdp_client_EXPORTS /D _UNICODE /D UNICODE /l"0x0409" /ID:\FreeRdpClient /ID:\FreeRdpClient\include /I"D:\FreeRdpClient\FreeRDP-master\include" /I"D:\FreeRdpClient\FreeRDP-master\winpr\include" /ID:\FreeRdpClient\winpr\include /I"D:\FreeRdpClient\FreeRDP-master\rdtk\include" /ID:\FreeRdpClient\rdtk\include /nologo /fo"wfreerdp-client.dir\Debug\wfreerdp.res" D:\FreeRdpClient\FreeRDP-master\client\Windows\wfreerdp.rc 
         C:\Program Files (x86)\Windows Kits\8.1\bin\x86\rc.exe /D WIN32 /D _WINDOWS /D _AMD64_ /D UNICODE /D _UNICODE /D _CRT_SECURE_NO_WARNINGS /D WIN32_LEAN_AND_MEAN /D WINVER=0x0501 /D WIN32_WINNT=0x0501 /D WINPR_EXPORTS /D FREERDP_EXPORTS /D _DEBUG /D WITH_OPENSSL /D HAVE_CONFIG_H /D "CMAKE_INTDIR=\\\"Debug\\\"" /D wfreerdp_client_EXPORTS /D _UNICODE /D UNICODE /l"0x0409" /ID:\FreeRdpClient /ID:\FreeRdpClient\include /I"D:\FreeRdpClient\FreeRDP-master\include" /I"D:\FreeRdpClient\FreeRDP-master\winpr\include" /ID:\FreeRdpClient\winpr\include /I"D:\FreeRdpClient\FreeRDP-master\rdtk\include" /ID:\FreeRdpClient\rdtk\include /nologo /fo"wfreerdp-client.dir\Debug\version.res" D:\FreeRdpClient\client\Windows\version.rc 
       Link:
         C:\Program Files (x86)\Microsoft Visual Studio 12.0\VC\bin\x86_amd64\link.exe /ERRORREPORT:PROMPT /OUT:"D:\FreeRdpClient\Debug\wfreerdp-client.dll" /INCREMENTAL /NOLOGO kernel32.lib user32.lib gdi32.lib winspool.lib shell32.lib ole32.lib oleaut32.lib uuid.lib comdlg32.lib advapi32.lib "..\..\Debug\freerdp-client.lib" "..\..\Debug\audin-client.lib" "..\..\Debug\disp-client.lib" "..\..\Debug\echo-client.lib" "..\..\Debug\rdpei-client.lib" "..\..\Debug\rdpgfx-client.lib" "..\..\Debug\cliprdr-client.lib" "..\..\Debug\drdynvc-client.lib" "..\..\Debug\encomsp-client.lib" "..\..\Debug\rail-client.lib" "..\..\Debug\rdpdr-client.lib" "..\..\Debug\rdpsnd-client.lib" "..\..\Debug\remdesk-client.lib" "..\..\Debug\drive-client.lib" "..\..\Debug\printer-client.lib" "..\..\Debug\smartcard-client.lib" "..\..\Debug\audin-client-winmm.lib" "..\..\Debug\rdpsnd-client-winmm.lib" ..\..\Debug\freerdp.lib ..\..\Debug\winpr.lib ntdsapi.lib crypt32.lib Dbghelp.lib rpcrt4.lib credui.lib ws2_32.lib winmm.lib "C:\OpenSSL-Win64\lib\VC\ssleay32MD.lib" "C:\OpenSSL-Win64\lib\VC\libeay32MD.lib" /MANIFEST /MANIFESTUAC:"level='asInvoker' uiAccess='false'" /manifest:embed /DEBUG /PDB:"D:/FreeRdpClient/Debug/wfreerdp-client.pdb" /SUBSYSTEM:CONSOLE /TLBID:1 /DYNAMICBASE /NXCOMPAT /IMPLIB:"D:/FreeRdpClient/Debug/wfreerdp-client.lib" /MACHINE:X64  /machine:x64 /debug /DLL "wfreerdp-client.dir\Debug\wfreerdp.res"
         "wfreerdp-client.dir\Debug\version.res"
         "wfreerdp-client.dir\Debug\wf_gdi.obj"
         "wfreerdp-client.dir\Debug\wf_event.obj"
         "wfreerdp-client.dir\Debug\wf_channels.obj"
         "wfreerdp-client.dir\Debug\wf_graphics.obj"
         "wfreerdp-client.dir\Debug\wf_cliprdr.obj"
         "wfreerdp-client.dir\Debug\wf_rail.obj"
         "wfreerdp-client.dir\Debug\wf_client.obj"
         "wfreerdp-client.dir\Debug\wf_floatbar.obj"
            Creating library D:/FreeRdpClient/Debug/wfreerdp-client.lib and object D:/FreeRdpClient/Debug/wfreerdp-client.exp
         wfreerdp-client.vcxproj -> D:\FreeRdpClient\Debug\wfreerdp-client.dll
     1>Done Building Project "D:\FreeRdpClient\client\Windows\wfreerdp-client.vcxproj" (Rebuild target(s)).

Build succeeded.

Time Elapsed 00:00:03.89
