Build started 11/8/2015 4:05:02 PM.
     1>Project "D:\FreeRdpClient\client\common\freerdp-client.vcxproj" on node 7 (Rebuild target(s)).
     1>ClCompile:
         C:\Program Files (x86)\Microsoft Visual Studio 12.0\VC\bin\x86_amd64\CL.exe /c /ID:\FreeRdpClient /ID:\FreeRdpClient\include /I"D:\FreeRdpClient\FreeRDP-master\include" /I"D:\FreeRdpClient\FreeRDP-master\winpr\include" /ID:\FreeRdpClient\winpr\include /I"D:\FreeRdpClient\FreeRDP-master\rdtk\include" /ID:\FreeRdpClient\rdtk\include /ID:\FreeRdpClient\channels\client /I"D:\FreeRdpClient\FreeRDP-master\channels\client" /I"C:\OpenSSL-Win64\include" /Zi /nologo /W3 /WX- /Od /Ob2 /D WIN32 /D _WINDOWS /D _AMD64_ /D UNICODE /D _UNICODE /D _CRT_SECURE_NO_WARNINGS /D WIN32_LEAN_AND_MEAN /D WINVER=0x0501 /D WIN32_WINNT=0x0501 /D WINPR_EXPORTS /D FREERDP_EXPORTS /D _DEBUG /D WITH_OPENSSL /D HAVE_CONFIG_H /D "CMAKE_INTDIR=\"Debug\"" /D freerdp_client_EXPORTS /D _WINDLL /D _UNICODE /D UNICODE /Gm- /RTC1 /MDd /GS /fp:precise /Zc:wchar_t /Zc:forScope /Fo"freerdp-client.dir\Debug\\" /Fd"freerdp-client.dir\Debug\vc120.pdb" /Gd /TC /errorReport:prompt "D:\FreeRdpClient\FreeRDP-master\client\common\client.c" "D:\FreeRdpClient\FreeRDP-master\client\common\cmdline.c" "D:\FreeRdpClient\FreeRDP-master\client\common\compatibility.c" "D:\FreeRdpClient\FreeRDP-master\client\common\file.c" D:\FreeRdpClient\channels\client\tables.c "D:\FreeRdpClient\FreeRDP-master\channels\client\addin.c"
         client.c
         cmdline.c
     1>D:\FreeRdpClient\FreeRDP-master\client\common\cmdline.c(1031): warning C4244: '=' : conversion from '__int64' to 'int', possible loss of data
     1>D:\FreeRdpClient\FreeRDP-master\client\common\cmdline.c(1481): warning C4244: '=' : conversion from '__int64' to 'int', possible loss of data
     1>D:\FreeRdpClient\FreeRDP-master\client\common\cmdline.c(2069): warning C4018: '<' : signed/unsigned mismatch
         compatibility.c
         file.c
         tables.c
         addin.c
         Generating Code...
       ResourceCompile:
         C:\Program Files (x86)\Windows Kits\8.1\bin\x86\rc.exe /D WIN32 /D _WINDOWS /D _AMD64_ /D UNICODE /D _UNICODE /D _CRT_SECURE_NO_WARNINGS /D WIN32_LEAN_AND_MEAN /D WINVER=0x0501 /D WIN32_WINNT=0x0501 /D WINPR_EXPORTS /D FREERDP_EXPORTS /D _DEBUG /D WITH_OPENSSL /D HAVE_CONFIG_H /D "CMAKE_INTDIR=\\\"Debug\\\"" /D freerdp_client_EXPORTS /D _UNICODE /D UNICODE /l"0x0409" /ID:\FreeRdpClient /ID:\FreeRdpClient\include /I"D:\FreeRdpClient\FreeRDP-master\include" /I"D:\FreeRdpClient\FreeRDP-master\winpr\include" /ID:\FreeRdpClient\winpr\include /I"D:\FreeRdpClient\FreeRDP-master\rdtk\include" /ID:\FreeRdpClient\rdtk\include /ID:\FreeRdpClient\channels\client /I"D:\FreeRdpClient\FreeRDP-master\channels\client" /I"C:\OpenSSL-Win64\include" /nologo /fo"freerdp-client.dir\Debug\version.res" D:\FreeRdpClient\client\common\version.rc 
       Link:
         C:\Program Files (x86)\Microsoft Visual Studio 12.0\VC\bin\x86_amd64\link.exe /ERRORREPORT:PROMPT /OUT:"D:\FreeRdpClient\Debug\freerdp-client.dll" /INCREMENTAL /NOLOGO kernel32.lib user32.lib gdi32.lib winspool.lib shell32.lib ole32.lib oleaut32.lib uuid.lib comdlg32.lib advapi32.lib "..\..\Debug\audin-client.lib" "..\..\Debug\disp-client.lib" "..\..\Debug\echo-client.lib" "..\..\Debug\rdpei-client.lib" "..\..\Debug\rdpgfx-client.lib" "..\..\Debug\cliprdr-client.lib" "..\..\Debug\drdynvc-client.lib" "..\..\Debug\encomsp-client.lib" "..\..\Debug\rail-client.lib" "..\..\Debug\rdpdr-client.lib" "..\..\Debug\rdpsnd-client.lib" "..\..\Debug\remdesk-client.lib" "..\..\Debug\drive-client.lib" "..\..\Debug\printer-client.lib" "..\..\Debug\smartcard-client.lib" "..\..\Debug\audin-client-winmm.lib" "..\..\Debug\rdpsnd-client-winmm.lib" "C:\OpenSSL-Win64\lib\VC\ssleay32MD.lib" "C:\OpenSSL-Win64\lib\VC\libeay32MD.lib" ..\..\Debug\freerdp.lib ..\..\Debug\winpr.lib ntdsapi.lib crypt32.lib "C:\OpenSSL-Win64\lib\VC\ssleay32MD.lib" "C:\OpenSSL-Win64\lib\VC\libeay32MD.lib" Dbghelp.lib ws2_32.lib rpcrt4.lib credui.lib winmm.lib /DEF:"D:/FreeRdpClient/FreeRDP-master/client/common/module.def" /MANIFEST /MANIFESTUAC:"level='asInvoker' uiAccess='false'" /manifest:embed /DEBUG /PDB:"D:/FreeRdpClient/Debug/freerdp-client.pdb" /SUBSYSTEM:CONSOLE /TLBID:1 /DYNAMICBASE /NXCOMPAT /IMPLIB:"D:/FreeRdpClient/Debug/freerdp-client.lib" /MACHINE:X64  /machine:x64 /debug /DLL "freerdp-client.dir\Debug\version.res"
         "freerdp-client.dir\Debug\client.obj"
         "freerdp-client.dir\Debug\cmdline.obj"
         "freerdp-client.dir\Debug\compatibility.obj"
         "freerdp-client.dir\Debug\file.obj"
         "freerdp-client.dir\Debug\tables.obj"
         "freerdp-client.dir\Debug\addin.obj"
            Creating library D:/FreeRdpClient/Debug/freerdp-client.lib and object D:/FreeRdpClient/Debug/freerdp-client.exp
         freerdp-client.vcxproj -> D:\FreeRdpClient\Debug\freerdp-client.dll
     1>Done Building Project "D:\FreeRdpClient\client\common\freerdp-client.vcxproj" (Rebuild target(s)).

Build succeeded.

Time Elapsed 00:00:02.35
